<?xml version="1.0" encoding="UTF-8"?>
<testsuite name="se.tst.addressbook.tests.GroupCreationTest" tests="4" skipped="0" failures="0" errors="0" timestamp="2019-07-10T18:13:11" hostname="DESKTOP-B8MBDV1" time="21.111">
  <properties/>
  <testcase name="testBadGroupCreation" classname="se.tst.addressbook.tests.GroupCreationTest" time="7.105"/>
  <testcase name="testGroupCreation[0](GroupDate{id='0', name='Group 0'})" classname="se.tst.addressbook.tests.GroupCreationTest" time="4.294"/>
  <testcase name="testGroupCreation[1](GroupDate{id='0', name='Group 1'})" classname="se.tst.addressbook.tests.GroupCreationTest" time="4.437"/>
  <testcase name="testGroupCreation[2](GroupDate{id='0', name='Group 2'})" classname="se.tst.addressbook.tests.GroupCreationTest" time="4.707"/>
  <system-out><![CDATA[]]></system-out>
  <system-err><![CDATA[console.error: BroadcastService: 
  receivedBroadcastMessage: handler for
  remote-settings/monitor_changes
  threw error:
  Message: Error: Polling for changes failed: http://%(server)s/dummy/blocklist//buckets/monitor/collections/changes/records?_expected=%221562710991421%22 is not a valid URL..
  Stack:
    remoteSettingsFunction/remoteSettings.pollChanges@resource://services-settings/remote-settings.js:203:13

]]></system-err>
</testsuite>
