<?xml version="1.0" encoding="UTF-8"?>
<testsuite name="se.tst.addressbook.tests.DeleteGroupTest" tests="1" skipped="0" failures="0" errors="0" timestamp="2019-07-10T18:13:38" hostname="DESKTOP-B8MBDV1" time="3.493">
  <properties/>
  <testcase name="testDeleteGroup" classname="se.tst.addressbook.tests.DeleteGroupTest" time="3.493"/>
  <system-out><![CDATA[]]></system-out>
  <system-err><![CDATA[]]></system-err>
</testsuite>
