<?xml version="1.0" encoding="UTF-8"?>
<testsuite name="se.tst.addressbook.tests.GroupModifyTest" tests="1" skipped="0" failures="0" errors="0" timestamp="2019-07-10T18:13:33" hostname="DESKTOP-B8MBDV1" time="4.793">
  <properties/>
  <testcase name="testGroupModify" classname="se.tst.addressbook.tests.GroupModifyTest" time="4.793"/>
  <system-out><![CDATA[]]></system-out>
  <system-err><![CDATA[]]></system-err>
</testsuite>
