<?xml version="1.0" encoding="UTF-8"?>
<testsuite name="se.tst.addressbook.tests.GroupModifyTest" tests="1" skipped="0" failures="0" errors="0" timestamp="2019-07-25T22:39:27" hostname="DESKTOP-B8MBDV1" time="2.735">
  <properties/>
  <testcase name="testGroupModify" classname="se.tst.addressbook.tests.GroupModifyTest" time="2.735"/>
  <system-out><![CDATA[01:39:26.928 [Test worker] INFO  se.tst.addressbook.tests.TestBase - Start test testGroupModify with parameters []
Hibernate: select groupdate0_.group_id as group_id1_2_, groupdate0_.group_footer as group_fo2_2_, groupdate0_.group_header as group_he3_2_, groupdate0_.group_name as group_na4_2_ from group_list groupdate0_
Hibernate: select contacts0_.group_id as group_id2_0_0_, contacts0_.id as id1_0_0_, contactdat1_.id as id1_1_1_, contactdat1_.address as address2_1_1_, contactdat1_.lastname as lastname3_1_1_, contactdat1_.email as email4_1_1_, contactdat1_.email2 as email5_1_1_, contactdat1_.email3 as email6_1_1_, contactdat1_.firstname as firstnam7_1_1_, contactdat1_.photo as photo8_1_1_, contactdat1_.home as home9_1_1_, contactdat1_.mobile as mobile10_1_1_, contactdat1_.work as work11_1_1_ from address_in_groups contacts0_ inner join addressbook contactdat1_ on contacts0_.id=contactdat1_.id where contacts0_.group_id=?
Hibernate: select groups0_.id as id1_0_0_, groups0_.group_id as group_id2_0_0_, groupdate1_.group_id as group_id1_2_1_, groupdate1_.group_footer as group_fo2_2_1_, groupdate1_.group_header as group_he3_2_1_, groupdate1_.group_name as group_na4_2_1_ from address_in_groups groups0_ inner join group_list groupdate1_ on groups0_.group_id=groupdate1_.group_id where groups0_.id=?
Hibernate: select groupdate0_.group_id as group_id1_2_, groupdate0_.group_footer as group_fo2_2_, groupdate0_.group_header as group_he3_2_, groupdate0_.group_name as group_na4_2_ from group_list groupdate0_
Hibernate: select contacts0_.group_id as group_id2_0_0_, contacts0_.id as id1_0_0_, contactdat1_.id as id1_1_1_, contactdat1_.address as address2_1_1_, contactdat1_.lastname as lastname3_1_1_, contactdat1_.email as email4_1_1_, contactdat1_.email2 as email5_1_1_, contactdat1_.email3 as email6_1_1_, contactdat1_.firstname as firstnam7_1_1_, contactdat1_.photo as photo8_1_1_, contactdat1_.home as home9_1_1_, contactdat1_.mobile as mobile10_1_1_, contactdat1_.work as work11_1_1_ from address_in_groups contacts0_ inner join addressbook contactdat1_ on contacts0_.id=contactdat1_.id where contacts0_.group_id=?
Hibernate: select groups0_.id as id1_0_0_, groups0_.group_id as group_id2_0_0_, groupdate1_.group_id as group_id1_2_1_, groupdate1_.group_footer as group_fo2_2_1_, groupdate1_.group_header as group_he3_2_1_, groupdate1_.group_name as group_na4_2_1_ from address_in_groups groups0_ inner join group_list groupdate1_ on groups0_.group_id=groupdate1_.group_id where groups0_.id=?
Hibernate: select groupdate0_.group_id as group_id1_2_, groupdate0_.group_footer as group_fo2_2_, groupdate0_.group_header as group_he3_2_, groupdate0_.group_name as group_na4_2_ from group_list groupdate0_
Hibernate: select contacts0_.group_id as group_id2_0_0_, contacts0_.id as id1_0_0_, contactdat1_.id as id1_1_1_, contactdat1_.address as address2_1_1_, contactdat1_.lastname as lastname3_1_1_, contactdat1_.email as email4_1_1_, contactdat1_.email2 as email5_1_1_, contactdat1_.email3 as email6_1_1_, contactdat1_.firstname as firstnam7_1_1_, contactdat1_.photo as photo8_1_1_, contactdat1_.home as home9_1_1_, contactdat1_.mobile as mobile10_1_1_, contactdat1_.work as work11_1_1_ from address_in_groups contacts0_ inner join addressbook contactdat1_ on contacts0_.id=contactdat1_.id where contacts0_.group_id=?
Hibernate: select groups0_.id as id1_0_0_, groups0_.group_id as group_id2_0_0_, groupdate1_.group_id as group_id1_2_1_, groupdate1_.group_footer as group_fo2_2_1_, groupdate1_.group_header as group_he3_2_1_, groupdate1_.group_name as group_na4_2_1_ from address_in_groups groups0_ inner join group_list groupdate1_ on groups0_.group_id=groupdate1_.group_id where groups0_.id=?
]]></system-out>
  <system-err><![CDATA[]]></system-err>
</testsuite>
